<?xml version="1.0" encoding="UTF-8"?>
<testsuites name="jest tests" tests="15" failures="0" time="1.276">
  <testsuite name="URL Persistence" errors="0" failures="0" skipped="0" timestamp="2019-09-25T19:28:07" time="0.534" tests="2">
    <testcase classname="URL Persistence should parse URL correctly" name="URL Persistence should parse URL correctly" time="0.004">
    </testcase>
    <testcase classname="URL Persistence should write to URL correctly" name="URL Persistence should write to URL correctly" time="0.002">
    </testcase>
  </testsuite>
  <testsuite name="MobX state machine router" errors="0" failures="0" skipped="0" timestamp="2019-09-25T19:28:07" time="0.564" tests="13">
    <testcase classname="MobX state machine router basics should init" name="MobX state machine router basics should init" time="0.008">
    </testcase>
    <testcase classname="MobX state machine router basics should do basic routing" name="MobX state machine router basics should do basic routing" time="0.001">
    </testcase>
    <testcase classname="MobX state machine router basics should update query params" name="MobX state machine router basics should update query params" time="0.001">
    </testcase>
    <testcase classname="MobX state machine router basics should nullify query params" name="MobX state machine router basics should nullify query params" time="0.001">
    </testcase>
    <testcase classname="MobX state machine router basics should support child states" name="MobX state machine router basics should support child states" time="0.001">
    </testcase>
    <testcase classname="MobX state machine router reactivity should allow us to listen to specific query changes" name="MobX state machine router reactivity should allow us to listen to specific query changes" time="0.001">
    </testcase>
    <testcase classname="MobX state machine router reactivity should not change state if resulting state does not exist" name="MobX state machine router reactivity should not change state if resulting state does not exist" time="0.001">
    </testcase>
    <testcase classname="MobX state machine router reactivity should allow adding dynamic query params at runtime" name="MobX state machine router reactivity should allow adding dynamic query params at runtime" time="0.001">
    </testcase>
    <testcase classname="MobX state machine router reactivity should allow listening to the whole query for changes" name="MobX state machine router reactivity should allow listening to the whole query for changes" time="0">
    </testcase>
    <testcase classname="with URL persistence should do basic routing" name="with URL persistence should do basic routing" time="0.011">
    </testcase>
    <testcase classname="with URL persistence should update query params" name="with URL persistence should update query params" time="0.001">
    </testcase>
    <testcase classname="with URL persistence should nullify query params" name="with URL persistence should nullify query params" time="0.002">
    </testcase>
    <testcase classname="with URL persistence should support child states" name="with URL persistence should support child states" time="0.001">
    </testcase>
  </testsuite>
</testsuites>